2023-10-13 15:21:41,346 INFO for RB1_human sequence finish url was setted http://elm.eu.org/cgimodel.py?fun=smartResult&userId=QiKPcjPbZP&EXPECT_CUTOFF=100&r=1&bg=on
2023-10-13 15:21:42,688 INFO 73 elm ids was found
2023-10-13 15:24:06,192 INFO for RB1_human sequence finish url was setted http://elm.eu.org/cgimodel.py?fun=smartResult&userId=QiKPcjPbZP&EXPECT_CUTOFF=100&r=1&bg=on
2023-10-13 15:24:07,782 INFO 73 elm ids was found
2023-10-13 19:52:23,013 INFO for RB1_human sequence finish url was setted http://elm.eu.org/cgimodel.py?fun=smartResult&userId=QiKPcjPbZP&EXPECT_CUTOFF=100&r=1&bg=on
2023-10-13 19:52:25,449 INFO 73 elm ids was found
2023-10-22 02:09:13,578 INFO for RB1_human sequence finish url was setted http://elm.eu.org/cgimodel.py?fun=smartResult&userId=QiKPcjPbZP&EXPECT_CUTOFF=100&r=1&bg=on
2023-10-22 02:09:15,753 INFO 73 elm ids was found
2023-10-22 02:14:39,619 INFO for RB1_human sequence finish url was setted http://elm.eu.org/cgimodel.py?fun=smartResult&userId=QiKPcjPbZP&EXPECT_CUTOFF=100&r=1&bg=on
2023-10-22 02:14:40,959 INFO 73 elm ids was found
2023-10-23 00:47:45,636 INFO for RB1_human sequence finish url was setted http://elm.eu.org/cgimodel.py?fun=smartResult&userId=QiKPcjPbZP&EXPECT_CUTOFF=100&r=1&bg=on
2023-10-23 00:47:47,058 INFO 73 elm ids was found
2023-10-23 00:56:25,199 INFO for RB1_human sequence finish url was setted http://elm.eu.org/cgimodel.py?fun=smartResult&userId=QiKPcjPbZP&EXPECT_CUTOFF=100&r=1&bg=on
2023-10-23 00:56:26,697 INFO 73 elm ids was found
2023-10-23 01:01:31,770 INFO for RB1_human sequence finish url was setted http://elm.eu.org/cgimodel.py?fun=smartResult&userId=QiKPcjPbZP&EXPECT_CUTOFF=100&r=1&bg=on
2023-10-23 01:01:33,166 INFO 73 elm ids was found
2023-10-23 01:22:54,481 INFO for RB1_human sequence finish url was setted http://elm.eu.org/cgimodel.py?fun=smartResult&userId=QiKPcjPbZP&EXPECT_CUTOFF=100&r=1&bg=on
2023-10-23 01:22:55,950 INFO 73 elm ids was found
2023-10-23 01:27:32,768 INFO for RB1_human sequence finish url was setted http://elm.eu.org/cgimodel.py?fun=smartResult&userId=QiKPcjPbZP&EXPECT_CUTOFF=100&r=1&bg=on
2023-10-23 01:27:34,663 INFO 73 elm ids was found
2023-10-28 23:45:25,013 INFO for RB1_human sequence finish url was setted http://elm.eu.org/cgimodel.py?fun=smartResult&userId=QiKPcjPbZP&EXPECT_CUTOFF=100&r=1&bg=on
2023-10-28 23:49:49,008 INFO for RB1_human sequence finish url was setted http://elm.eu.org/cgimodel.py?fun=smartResult&userId=QiKPcjPbZP&EXPECT_CUTOFF=100&r=1&bg=on
2023-10-28 23:53:41,057 INFO for RB1_human sequence finish url was setted http://elm.eu.org/cgimodel.py?fun=smartResult&userId=QiKPcjPbZP&EXPECT_CUTOFF=100&r=1&bg=on
2023-10-28 23:55:53,438 INFO for RB1_human sequence finish url was setted http://elm.eu.org/cgimodel.py?fun=smartResult&userId=QiKPagQp89&EXPECT_CUTOFF=100&r=1&bg=on
2023-10-28 23:55:54,687 INFO 76 elm ids was found
2023-10-29 00:02:20,421 INFO for RB1_human sequence finish url was setted http://elm.eu.org/cgimodel.py?fun=smartResult&userId=QiKPagQp89&EXPECT_CUTOFF=100&r=1&bg=on
2023-10-29 00:02:22,101 INFO 76 elm ids was found
2023-10-29 00:04:22,915 INFO for RB1_human sequence finish url was setted http://elm.eu.org/cgimodel.py?fun=smartResult&userId=QiKPagQp89&EXPECT_CUTOFF=100&r=1&bg=on
2023-10-29 00:04:24,153 INFO 76 elm ids was found
2023-10-29 00:04:24,154 INFO for KMT5C_HUMAN sequence finish url was setted http://elm.eu.org/cgimodel.py?fun=smartResult&userId=QiKPagRjF9&EXPECT_CUTOFF=100&r=1&bg=on
2023-10-29 00:04:24,733 INFO 0 elm ids was found
2023-10-29 00:07:16,248 INFO for RB1_human sequence finish url was setted http://elm.eu.org/cgimodel.py?fun=smartResult&userId=QiKPagQp89&EXPECT_CUTOFF=100&r=1&bg=on
2023-10-29 00:07:17,613 INFO 76 elm ids was found
2023-10-29 00:07:17,614 INFO for KMT5C_HUMAN sequence finish url was setted http://elm.eu.org/cgimodel.py?fun=smartResult&userId=QiKPagRjF9&EXPECT_CUTOFF=100&r=1&bg=on
2023-10-29 00:07:18,241 INFO 0 elm ids was found
2023-10-29 00:07:39,715 INFO for RB1_human sequence finish url was setted http://elm.eu.org/cgimodel.py?fun=smartResult&userId=QiKPagQp89&EXPECT_CUTOFF=100&r=1&bg=on
2023-10-29 00:07:42,951 INFO 76 elm ids was found
2023-10-29 00:07:42,953 INFO for KMT5C_HUMAN sequence finish url was setted http://elm.eu.org/cgimodel.py?fun=smartResult&userId=QiKPagRjF9&EXPECT_CUTOFF=100&r=1&bg=on
2023-10-29 00:07:44,179 INFO 59 elm ids was found
2023-10-29 00:10:35,726 INFO for RB1_human sequence finish url was setted http://elm.eu.org/cgimodel.py?fun=smartResult&userId=QiKPagQp89&EXPECT_CUTOFF=100&r=1&bg=on
2023-10-29 00:10:38,341 INFO 76 elm ids was found
2023-10-29 00:10:38,355 INFO for KMT5C_HUMAN sequence finish url was setted http://elm.eu.org/cgimodel.py?fun=smartResult&userId=QiKPagRjF9&EXPECT_CUTOFF=100&r=1&bg=on
2023-10-29 00:10:39,555 INFO 59 elm ids was found
2023-10-29 00:10:39,557 INFO for UBP7_HUMAN sequence finish url was setted http://elm.eu.org/cgimodel.py?fun=smartResult&userId=QiKPagRRNZ&EXPECT_CUTOFF=100&r=1&bg=on
2023-10-29 00:10:42,653 INFO 84 elm ids was found
2023-11-03 23:05:32,805 INFO for KMT5C_HUMAN sequence finish url was setted http://elm.eu.org/cgimodel.py?fun=smartResult&userId=QiKPagRjF9&EXPECT_CUTOFF=100&r=1&bg=on
2023-11-03 23:05:33,920 INFO 59 elm ids was found
2023-11-04 01:26:16,279 INFO for KMT5C_HUMAN sequence finish url was setted http://elm.eu.org/cgimodel.py?fun=smartResult&userId=QiKPagRjF9&EXPECT_CUTOFF=100&r=1&bg=on
2023-11-04 01:26:16,979 INFO 59 elm ids was found
2023-11-04 02:33:46,598 INFO for KMT5C_HUMAN sequence finish url was setted http://elm.eu.org/cgimodel.py?fun=smartResult&userId=QiKPagRjF9&EXPECT_CUTOFF=100&r=1&bg=on
2023-11-04 02:33:47,260 INFO 59 elm ids was found
2023-11-04 03:47:50,148 INFO for KMT5C_HUMAN sequence finish url was setted http://elm.eu.org/cgimodel.py?fun=smartResult&userId=QiKPagRjF9&EXPECT_CUTOFF=100&r=1&bg=on
2023-11-04 03:47:50,808 INFO 59 elm ids was found
2023-11-04 03:48:00,216 INFO for KMT5C_HUMAN sequence finish url was setted http://elm.eu.org/cgimodel.py?fun=smartResult&userId=QiKPagRjF9&EXPECT_CUTOFF=100&r=1&bg=on
2023-11-04 03:48:00,834 INFO 59 elm ids was found
2023-11-04 03:48:29,916 INFO for KMT5C_HUMAN sequence finish url was setted http://elm.eu.org/cgimodel.py?fun=smartResult&userId=QiKPagRjF9&EXPECT_CUTOFF=100&r=1&bg=on
2023-11-04 03:48:30,706 INFO 59 elm ids was found
