2023-10-11 12:34:49,573 INFO 67 proteins was downloaded and write to C:/Users/andre/OneDrive/Desktop/interProScript/inter_pro_app\RB1_human\CLV_C14_Caspase3-7\PF00656.tsv file
2023-10-11 12:36:04,464 INFO 72 proteins was downloaded and write to C:/Users/andre/OneDrive/Desktop/interProScript/inter_pro_app\RB1_human\CLV_NRD_NRD_1\PF00675.tsv file
2023-10-11 12:36:04,464 INFO 72 proteins was downloaded and write to C:/Users/andre/OneDrive/Desktop/interProScript/inter_pro_app\RB1_human\CLV_NRD_NRD_1\PF00675.tsv file
2023-10-11 12:48:29,374 INFO 67 proteins was downloaded and write to C:/Users/andre/OneDrive/Desktop/interProScript/inter_pro_app\RB1_human\CLV_C14_Caspase3-7\PF00656.tsv file
2023-10-11 12:49:06,580 INFO 72 proteins was downloaded and write to C:/Users/andre/OneDrive/Desktop/interProScript/inter_pro_app\RB1_human\CLV_NRD_NRD_1\PF00675.tsv file
2023-10-11 12:49:06,580 INFO 72 proteins was downloaded and write to C:/Users/andre/OneDrive/Desktop/interProScript/inter_pro_app\RB1_human\CLV_NRD_NRD_1\PF00675.tsv file
2023-10-11 12:49:44,539 INFO 61 proteins was downloaded and write to C:/Users/andre/OneDrive/Desktop/interProScript/inter_pro_app\RB1_human\CLV_PCSK_KEX2_1\PF00082.tsv file
2023-10-11 12:49:44,539 INFO 61 proteins was downloaded and write to C:/Users/andre/OneDrive/Desktop/interProScript/inter_pro_app\RB1_human\CLV_PCSK_KEX2_1\PF00082.tsv file
2023-10-11 12:49:44,539 INFO 61 proteins was downloaded and write to C:/Users/andre/OneDrive/Desktop/interProScript/inter_pro_app\RB1_human\CLV_PCSK_KEX2_1\PF00082.tsv file
2023-10-11 12:53:01,951 INFO 67 proteins was downloaded and write to C:/Users/andre/OneDrive/Desktop/interProScript/inter_pro_app\RB1_human\CLV_C14_Caspase3-7\PF00656.tsv file
2023-10-11 12:53:46,176 INFO 72 proteins was downloaded and write to C:/Users/andre/OneDrive/Desktop/interProScript/inter_pro_app\RB1_human\CLV_NRD_NRD_1\PF00675.tsv file
2023-10-11 12:53:46,176 INFO 72 proteins was downloaded and write to C:/Users/andre/OneDrive/Desktop/interProScript/inter_pro_app\RB1_human\CLV_NRD_NRD_1\PF00675.tsv file
2023-10-11 13:00:40,951 INFO 67 proteins was downloaded and write to C:/Users/andre/OneDrive/Desktop/interProScript/inter_pro_app\RB1_human\CLV_C14_Caspase3-7\PF00656.tsv file
2023-10-11 13:01:21,230 INFO 72 proteins was downloaded and write to C:/Users/andre/OneDrive/Desktop/interProScript/inter_pro_app\RB1_human\CLV_NRD_NRD_1\PF00675.tsv file
2023-10-11 13:01:21,230 INFO 72 proteins was downloaded and write to C:/Users/andre/OneDrive/Desktop/interProScript/inter_pro_app\RB1_human\CLV_NRD_NRD_1\PF00675.tsv file
2023-10-11 13:01:55,419 INFO 61 proteins was downloaded and write to C:/Users/andre/OneDrive/Desktop/interProScript/inter_pro_app\RB1_human\CLV_PCSK_KEX2_1\PF00082.tsv file
2023-10-11 13:01:55,419 INFO 61 proteins was downloaded and write to C:/Users/andre/OneDrive/Desktop/interProScript/inter_pro_app\RB1_human\CLV_PCSK_KEX2_1\PF00082.tsv file
2023-10-11 13:01:55,419 INFO 61 proteins was downloaded and write to C:/Users/andre/OneDrive/Desktop/interProScript/inter_pro_app\RB1_human\CLV_PCSK_KEX2_1\PF00082.tsv file
2023-10-11 13:02:23,473 INFO 61 proteins was downloaded and write to C:/Users/andre/OneDrive/Desktop/interProScript/inter_pro_app\RB1_human\CLV_PCSK_PC1ET2_1\PF00082.tsv file
2023-10-11 13:02:23,473 INFO 61 proteins was downloaded and write to C:/Users/andre/OneDrive/Desktop/interProScript/inter_pro_app\RB1_human\CLV_PCSK_PC1ET2_1\PF00082.tsv file
2023-10-11 13:02:23,473 INFO 61 proteins was downloaded and write to C:/Users/andre/OneDrive/Desktop/interProScript/inter_pro_app\RB1_human\CLV_PCSK_PC1ET2_1\PF00082.tsv file
2023-10-11 13:02:23,473 INFO 61 proteins was downloaded and write to C:/Users/andre/OneDrive/Desktop/interProScript/inter_pro_app\RB1_human\CLV_PCSK_PC1ET2_1\PF00082.tsv file
2023-10-11 13:02:54,785 INFO 61 proteins was downloaded and write to C:/Users/andre/OneDrive/Desktop/interProScript/inter_pro_app\RB1_human\CLV_PCSK_SKI1_1\PF00082.tsv file
2023-10-11 13:02:54,785 INFO 61 proteins was downloaded and write to C:/Users/andre/OneDrive/Desktop/interProScript/inter_pro_app\RB1_human\CLV_PCSK_SKI1_1\PF00082.tsv file
2023-10-11 13:02:54,785 INFO 61 proteins was downloaded and write to C:/Users/andre/OneDrive/Desktop/interProScript/inter_pro_app\RB1_human\CLV_PCSK_SKI1_1\PF00082.tsv file
2023-10-11 13:02:54,785 INFO 61 proteins was downloaded and write to C:/Users/andre/OneDrive/Desktop/interProScript/inter_pro_app\RB1_human\CLV_PCSK_SKI1_1\PF00082.tsv file
2023-10-11 13:02:54,785 INFO 61 proteins was downloaded and write to C:/Users/andre/OneDrive/Desktop/interProScript/inter_pro_app\RB1_human\CLV_PCSK_SKI1_1\PF00082.tsv file
2023-10-11 13:03:04,795 INFO 3 proteins was downloaded and write to C:/Users/andre/OneDrive/Desktop/interProScript/inter_pro_app\RB1_human\CLV_Separin_Metazoa\PF03568.tsv file
2023-10-11 13:03:04,795 INFO 3 proteins was downloaded and write to C:/Users/andre/OneDrive/Desktop/interProScript/inter_pro_app\RB1_human\CLV_Separin_Metazoa\PF03568.tsv file
2023-10-11 13:03:04,795 INFO 3 proteins was downloaded and write to C:/Users/andre/OneDrive/Desktop/interProScript/inter_pro_app\RB1_human\CLV_Separin_Metazoa\PF03568.tsv file
2023-10-11 13:03:04,795 INFO 3 proteins was downloaded and write to C:/Users/andre/OneDrive/Desktop/interProScript/inter_pro_app\RB1_human\CLV_Separin_Metazoa\PF03568.tsv file
2023-10-11 13:03:04,795 INFO 3 proteins was downloaded and write to C:/Users/andre/OneDrive/Desktop/interProScript/inter_pro_app\RB1_human\CLV_Separin_Metazoa\PF03568.tsv file
2023-10-11 13:03:04,795 INFO 3 proteins was downloaded and write to C:/Users/andre/OneDrive/Desktop/interProScript/inter_pro_app\RB1_human\CLV_Separin_Metazoa\PF03568.tsv file
